<?xml version="1.0" encoding="UTF-8"?>
<!-- Generated by org.testng.reporters.JUnitReportReporter -->
<testsuite hostname="DESKTOP-LVNNG7C" failures="0" tests="1" name="com.qa.automation_testing_login_oct_8_day12.TN_Search" time="0.712" errors="0" timestamp="2023-10-08T14:50:51 EDT" skipped="0">
  <testcase classname="com.qa.automation_testing_login_oct_8_day12.TN_Search" name="TN_search" time="0.712"/>
</testsuite> <!-- com.qa.automation_testing_login_oct_8_day12.TN_Search -->
