<?xml version="1.0" encoding="UTF-8"?>
<!-- Generated by org.testng.reporters.JUnitReportReporter -->
<testsuite hostname="DESKTOP-LVNNG7C" failures="0" tests="2" name="TestNG_TN_login_register" time="16.000" errors="0" timestamp="2023-09-24T14:49:12 EDT" skipped="0">
  <testcase classname="TestNG_TN_login_register" name="loginTest" time="7.695"/>
  <testcase classname="TestNG_TN_login_register" name="TNRegisterTest" time="8.305"/>
</testsuite> <!-- TestNG_TN_login_register -->
