<?xml version="1.0" encoding="UTF-8"?>
<!-- Generated by org.testng.reporters.JUnitReportReporter -->
<testsuite hostname="DESKTOP-LVNNG7C" failures="0" tests="2" name="com.automation.qa.sep23_2023_day8.TestNg_Basics" time="0.007" errors="0" timestamp="2023-09-24T13:49:43 EDT" skipped="0">
  <testcase classname="com.automation.qa.sep23_2023_day8.TestNg_Basics" name="testCase2" time="0.003"/>
  <testcase classname="com.automation.qa.sep23_2023_day8.TestNg_Basics" name="testCase1" time="0.004"/>
</testsuite> <!-- com.automation.qa.sep23_2023_day8.TestNg_Basics -->
